<?xml version="1.0" encoding="UTF-8"?>
<!-- Generated by org.testng.reporters.JUnitReportReporter -->
<testsuite hostname="DTW-411658" failures="0" tests="1" name="com.api.test.GetRequestTest" time="4.690" errors="0" timestamp="2021-08-31T17:10:43 GST" skipped="0">
  <testcase classname="com.api.test.GetRequestTest" name="gethotellist" time="4.690"/>
  <system-out/>
</testsuite> <!-- com.api.test.GetRequestTest -->
